<?xml version="1.0" encoding="UTF-8"?>
<testng-results ignored="0" total="2" passed="2" failed="0" skipped="0">
  <reporter-output>
  </reporter-output>
  <suite started-at="2022-09-13T17:52:14 EEST" name="Suite" finished-at="2022-09-13T17:52:27 EEST" duration-ms="12654">
    <groups>
      <group name="ErrorHandling">
        <method signature="ErrorValidationsTest.submitOrder()[pri:0, instance:org.example.ErrorValidationsTest@1c33c17b]" name="submitOrder" class="org.example.ErrorValidationsTest"/>
      </group> <!-- ErrorHandling -->
    </groups>
    <test started-at="2022-09-13T17:52:14 EEST" name="Error validations" finished-at="2022-09-13T17:52:27 EEST" duration-ms="12654">
      <class name="org.example.ErrorValidationsTest">
        <test-method is-config="true" signature="launchApplication()[pri:0, instance:org.example.ErrorValidationsTest@1c33c17b]" started-at="2022-09-13T17:52:14 EEST" name="launchApplication" finished-at="2022-09-13T17:52:20 EEST" duration-ms="5219" status="PASS">
          <reporter-output>
          </reporter-output>
        </test-method> <!-- launchApplication -->
        <test-method signature="submitOrder()[pri:0, instance:org.example.ErrorValidationsTest@1c33c17b]" started-at="2022-09-13T17:52:20 EEST" name="submitOrder" finished-at="2022-09-13T17:52:20 EEST" duration-ms="833" status="PASS">
          <reporter-output>
          </reporter-output>
        </test-method> <!-- submitOrder -->
        <test-method is-config="true" signature="quit()[pri:0, instance:org.example.ErrorValidationsTest@1c33c17b]" started-at="2022-09-13T17:52:20 EEST" name="quit" finished-at="2022-09-13T17:52:21 EEST" duration-ms="108" status="PASS">
          <reporter-output>
          </reporter-output>
        </test-method> <!-- quit -->
        <test-method is-config="true" signature="launchApplication()[pri:0, instance:org.example.ErrorValidationsTest@1c33c17b]" started-at="2022-09-13T17:52:21 EEST" name="launchApplication" finished-at="2022-09-13T17:52:24 EEST" duration-ms="3219" status="PASS">
          <reporter-output>
          </reporter-output>
        </test-method> <!-- launchApplication -->
        <test-method signature="productErrorValidation()[pri:0, instance:org.example.ErrorValidationsTest@1c33c17b]" started-at="2022-09-13T17:52:24 EEST" name="productErrorValidation" finished-at="2022-09-13T17:52:27 EEST" depends-on-methods="org.example.ErrorValidationsTest.submitOrder" duration-ms="3048" status="PASS">
          <reporter-output>
          </reporter-output>
        </test-method> <!-- productErrorValidation -->
        <test-method is-config="true" signature="quit()[pri:0, instance:org.example.ErrorValidationsTest@1c33c17b]" started-at="2022-09-13T17:52:27 EEST" name="quit" finished-at="2022-09-13T17:52:27 EEST" duration-ms="132" status="PASS">
          <reporter-output>
          </reporter-output>
        </test-method> <!-- quit -->
      </class> <!-- org.example.ErrorValidationsTest -->
    </test> <!-- Error validations -->
  </suite> <!-- Suite -->
</testng-results>
